<?xml version="1.0" encoding="UTF-8"?>
<!-- Generated by org.testng.reporters.JUnitXMLReporter -->
<testsuite ignored="0" hostname="INLEN8520030121" failures="0" tests="2" name="Error Validations Test" time="0.021" errors="0" timestamp="25 Nov 2024 06:36:03 GMT">
  <testcase classname="Riowalacademy.TestComponents.BaseTests" name="@BeforeMethod launchApplication" time="0.001">
    <failure type="java.lang.NullPointerException">
      <![CDATA[java.lang.NullPointerException
	at java.base/java.io.FileInputStream.<init>(FileInputStream.java:144)
	at java.base/java.io.FileInputStream.<init>(FileInputStream.java:106)
	at Riowalacademy.TestComponents.BaseTests.initializeDriver(BaseTests.java:30)
	at Riowalacademy.TestComponents.BaseTests.launchApplication(BaseTests.java:57)
... Removed 25 stack frames]]>
    </failure>
  </testcase> <!-- @BeforeMethod launchApplication -->
  <testcase classname="Riowalacademy.TestComponents.BaseTests" name="@BeforeMethod launchApplication" time="0.0">
    <skipped/>
  </testcase> <!-- @BeforeMethod launchApplication -->
  <testcase classname="Riowalacademy.tests.ErrorValidationsTest" name="StartAloneTest" time="0.0">
    <skipped/>
  </testcase> <!-- StartAloneTest -->
  <testcase classname="Riowalacademy.tests.ErrorValidationsTest" name="loginErrorValidation" time="0.0">
    <skipped/>
  </testcase> <!-- loginErrorValidation -->
</testsuite> <!-- Error Validations Test -->
